<?xml version="1.0" encoding="UTF-8"?>
<!-- Generated by org.testng.reporters.JUnitReportReporter -->
<testsuite hostname="LAPTOP-P1N2FFDD" failures="0" tests="2" name="TestNG_Training.First_Test_Case" time="18.217" errors="0" timestamp="2022-12-16T19:22:05 EST" skipped="0">
  <testcase classname="TestNG_Training.First_Test_Case" name="logingwithtruecredentials" time="0.005"/>
  <system-out/>
  <testcase classname="TestNG_Training.First_Test_Case" name="loginwithnopassword" time="18.212"/>
  <system-out/>
</testsuite> <!-- TestNG_Training.First_Test_Case -->
