<?xml version="1.0" encoding="UTF-8"?>
<!-- Generated by org.testng.reporters.JUnitReportReporter -->
<testsuite hostname="LAPTOP-P1N2FFDD" failures="0" tests="1" name="First_Mentoring_Session.amazon_TestNG" time="38.560" errors="0" timestamp="2022-12-08T14:27:21 EST" skipped="0">
  <testcase classname="First_Mentoring_Session.amazon_TestNG" name="f" time="38.560"/>
  <system-out/>
</testsuite> <!-- First_Mentoring_Session.amazon_TestNG -->
